-------------------------------------------------------------------------------
Test set: com.cevo.mebank.anish.codechallenge.CodeChallengeTest
-------------------------------------------------------------------------------
Tests run: 1, Failures: 1, Errors: 0, Skipped: 0, Time elapsed: 0.012 s <<< FAILURE! - in com.cevo.mebank.anish.codechallenge.CodeChallengeTest
testSomething  Time elapsed: 0.009 s  <<< FAILURE!
org.opentest4j.AssertionFailedError: expected: <true> but was: <false>
	at com.cevo.mebank.anish.codechallenge.CodeChallengeTest.testSomething(CodeChallengeTest.java:18)

